{
  "0 debug pnpm:scope": {
    "selected": 1
  },
  "1 info pnpm": {
    "err": {
      "name": "Error",
      "message": "not found: create",
      "code": "ENOENT",
      "stack": "Error: not found: create\n    at getNotFoundError (C:\\Users\\super\\AppData\\Roaming\\npm\\node_modules\\pnpm\\dist\\pnpm.cjs:47780:51)\n    at Function.whichSync [as sync] (C:\\Users\\super\\AppData\\Roaming\\npm\\node_modules\\pnpm\\dist\\pnpm.cjs:47857:13)\n    at getCommandAbsolutePathSync (C:\\Users\\super\\AppData\\Roaming\\npm\\node_modules\\pnpm\\dist\\pnpm.cjs:49422:44)\n    at Object.default_1 [as default] (C:\\Users\\super\\AppData\\Roaming\\npm\\node_modules\\pnpm\\dist\\pnpm.cjs:49431:32)\n    at C:\\Users\\super\\AppData\\Roaming\\npm\\node_modules\\pnpm\\dist\\pnpm.cjs:129761:34"
    }
  },
  "2 error pnpm": {
    "code": "ERR_PNPM_RECURSIVE_EXEC_FIRST_FAIL",
    "prefix": "C:\\Users\\super",
    "err": {
      "name": "pnpm",
      "message": "not found: create",
      "code": "ERR_PNPM_RECURSIVE_EXEC_FIRST_FAIL",
      "stack": "Error: not found: create\n    at getNotFoundError (C:\\Users\\super\\AppData\\Roaming\\npm\\node_modules\\pnpm\\dist\\pnpm.cjs:47780:51)\n    at Function.whichSync [as sync] (C:\\Users\\super\\AppData\\Roaming\\npm\\node_modules\\pnpm\\dist\\pnpm.cjs:47857:13)\n    at getCommandAbsolutePathSync (C:\\Users\\super\\AppData\\Roaming\\npm\\node_modules\\pnpm\\dist\\pnpm.cjs:49422:44)\n    at Object.default_1 [as default] (C:\\Users\\super\\AppData\\Roaming\\npm\\node_modules\\pnpm\\dist\\pnpm.cjs:49431:32)\n    at C:\\Users\\super\\AppData\\Roaming\\npm\\node_modules\\pnpm\\dist\\pnpm.cjs:129761:34"
    }
  }
}